build/app/intermediates/manifest_merge_blame_file/debug/manifest-merger-blame-debug-report.txt
1<?xml version="1.0" encoding="utf-8"?>
2<manifest xmlns:android="http://schemas.android.com/apk/res/android"
3    package="com.example.tipcash"
4    android:versionCode="1"
5    android:versionName="1.0.0" >
6
7    <uses-sdk
8        android:minSdkVersion="16"
9        android:targetSdkVersion="28" />
10    <!--
11         Flutter needs it to communicate with the running application
12         to allow setting breakpoints, to provide hot reload, etc.
13    -->
14    <uses-permission android:name="android.permission.INTERNET" />
14-->src\debug\AndroidManifest.xml:6:5-66
14-->src\debug\AndroidManifest.xml:6:22-64
15    <uses-permission android:name="android.permission.CAMERA" />
15-->[:qrscan] AndroidManifest.xml:7:5-65
15-->[:qrscan] AndroidManifest.xml:7:22-62
16    <uses-permission android:name="android.permission.VIBRATE" />
16-->[:qrscan] AndroidManifest.xml:8:5-66
16-->[:qrscan] AndroidManifest.xml:8:22-63
17    <uses-permission android:name="android.permission.FLASHLIGHT" />
17-->[:qrscan] AndroidManifest.xml:9:5-69
17-->[:qrscan] AndroidManifest.xml:9:22-66
18
19    <uses-feature android:name="android.hardware.camera" />
19-->[:qrscan] AndroidManifest.xml:11:5-60
19-->[:qrscan] AndroidManifest.xml:11:19-57
20    <uses-feature android:name="android.hardware.camera.autofocus" />
20-->[:qrscan] AndroidManifest.xml:12:5-70
20-->[:qrscan] AndroidManifest.xml:12:19-67
21
22    <uses-permission android:name="android.permission.WAKE_LOCK" />
22-->[:qrscan] AndroidManifest.xml:14:5-68
22-->[:qrscan] AndroidManifest.xml:14:22-65
23    <uses-permission android:name="android.permission.READ_EXTERNAL_STORAGE" />
23-->[:qrscan] AndroidManifest.xml:15:5-80
23-->[:qrscan] AndroidManifest.xml:15:22-77
24    <uses-permission android:name="android.permission.WRITE_EXTERNAL_STORAGE" />
24-->[:qrscan] AndroidManifest.xml:16:5-81
24-->[:qrscan] AndroidManifest.xml:16:22-78
25    <!--
26 io.flutter.app.FlutterApplication is an android.app.Application that
27         calls FlutterMain.startInitialization(this); in its onCreate method.
28         In most cases you can leave this as-is, but you if you want to provide
29         additional functionality it is fine to subclass or reimplement
30         FlutterApplication and put your custom class here.
31    -->
32    <application
32-->src\main\AndroidManifest.xml:8:5-46:19
33        android:name="io.flutter.app.FlutterApplication"
33-->src\main\AndroidManifest.xml:9:9-57
34        android:allowBackup="true"
34-->[:qrscan] AndroidManifest.xml:20:9-35
35        android:appComponentFactory="androidx.core.app.CoreComponentFactory"
35-->[androidx.core:core:1.1.0] AndroidManifest.xml:24:18-86
36        android:configChanges="orientation|keyboardHidden"
36-->[:qrscan] AndroidManifest.xml:21:9-59
37        android:debuggable="true"
38        android:icon="@mipmap/ic_launcher"
38-->src\main\AndroidManifest.xml:11:9-43
39        android:label="tipcash"
39-->src\main\AndroidManifest.xml:10:9-32
40        android:screenOrientation="portrait"
40-->[:qrscan] AndroidManifest.xml:23:9-45
41        android:supportsRtl="true"
41-->[:qrscan] AndroidManifest.xml:24:9-35
42        android:theme="@style/Theme.AppCompat.NoActionBar"
42-->[:qrscan] AndroidManifest.xml:25:9-59
43        android:windowSoftInputMode="stateAlwaysHidden" >
43-->[:qrscan] AndroidManifest.xml:26:9-56
44        <activity
44-->src\main\AndroidManifest.xml:12:9-40:20
45            android:name="com.example.tipcash.MainActivity"
45-->src\main\AndroidManifest.xml:13:13-41
46            android:configChanges="orientation|keyboardHidden|keyboard|screenSize|smallestScreenSize|locale|layoutDirection|fontScale|screenLayout|density|uiMode"
46-->src\main\AndroidManifest.xml:16:13-163
47            android:hardwareAccelerated="true"
47-->src\main\AndroidManifest.xml:17:13-47
48            android:launchMode="singleTop"
48-->src\main\AndroidManifest.xml:14:13-43
49            android:theme="@style/LaunchTheme"
49-->src\main\AndroidManifest.xml:15:13-47
50            android:windowSoftInputMode="adjustResize" >
50-->src\main\AndroidManifest.xml:18:13-55
51
52            <!--
53                 Specifies an Android theme to apply to this Activity as soon as
54                 the Android process has started. This theme is visible to the user
55                 while the Flutter UI initializes. After that, this theme continues
56                 to determine the Window background behind the Flutter UI.
57            -->
58            <meta-data
58-->src\main\AndroidManifest.xml:23:13-26:17
59                android:name="io.flutter.embedding.android.NormalTheme"
59-->src\main\AndroidManifest.xml:24:15-70
60                android:resource="@style/NormalTheme" />
60-->src\main\AndroidManifest.xml:25:15-52
61            <!--
62                 Displays an Android View that continues showing the launch screen
63                 Drawable until Flutter paints its first frame, then this splash
64                 screen fades out. A splash screen is useful to avoid any visual
65                 gap between the end of Android's launch screen and the painting of
66                 Flutter's first frame.
67            -->
68            <meta-data
68-->src\main\AndroidManifest.xml:32:13-35:17
69                android:name="io.flutter.embedding.android.SplashScreenDrawable"
69-->src\main\AndroidManifest.xml:33:15-79
70                android:resource="@drawable/launch_background" />
70-->src\main\AndroidManifest.xml:34:15-61
71
72            <intent-filter>
72-->src\main\AndroidManifest.xml:36:13-39:29
73                <action android:name="android.intent.action.MAIN" />
73-->src\main\AndroidManifest.xml:37:17-68
73-->src\main\AndroidManifest.xml:37:25-66
74
75                <category android:name="android.intent.category.LAUNCHER" />
75-->src\main\AndroidManifest.xml:38:17-76
75-->src\main\AndroidManifest.xml:38:27-74
76            </intent-filter>
77        </activity>
78        <!--
79             Don't delete the meta-data below.
80             This is used by the Flutter tool to generate GeneratedPluginRegistrant.java
81        -->
82        <meta-data
82-->src\main\AndroidManifest.xml:43:9-45:33
83            android:name="flutterEmbedding"
83-->src\main\AndroidManifest.xml:44:13-44
84            android:value="2" />
84-->src\main\AndroidManifest.xml:45:13-30
85
86        <activity android:name="com.shinow.qrscan.SecondActivity" />
86-->[:qrscan] AndroidManifest.xml:27:9-69
86-->[:qrscan] AndroidManifest.xml:27:19-66
87        <activity
87-->[com.github.leyan95:android-zxingLibrary:0.1.2-PRE] AndroidManifest.xml:14:9-19:63
88            android:name="com.uuzuche.lib_zxing.activity.CaptureActivity"
88-->[com.github.leyan95:android-zxingLibrary:0.1.2-PRE] AndroidManifest.xml:15:13-74
89            android:configChanges="orientation|keyboardHidden"
89-->[com.github.leyan95:android-zxingLibrary:0.1.2-PRE] AndroidManifest.xml:16:13-63
90            android:screenOrientation="portrait"
90-->[com.github.leyan95:android-zxingLibrary:0.1.2-PRE] AndroidManifest.xml:17:13-49
91            android:theme="@style/Theme.AppCompat.NoActionBar"
91-->[com.github.leyan95:android-zxingLibrary:0.1.2-PRE] AndroidManifest.xml:18:13-63
92            android:windowSoftInputMode="stateAlwaysHidden" />
92-->[com.github.leyan95:android-zxingLibrary:0.1.2-PRE] AndroidManifest.xml:19:13-60
93
94        <provider
94-->[com.squareup.picasso:picasso:2.71828] AndroidManifest.xml:8:9-11:40
95            android:name="com.squareup.picasso.PicassoProvider"
95-->[com.squareup.picasso:picasso:2.71828] AndroidManifest.xml:9:13-64
96            android:authorities="com.example.tipcash.com.squareup.picasso"
96-->[com.squareup.picasso:picasso:2.71828] AndroidManifest.xml:10:13-72
97            android:exported="false" />
97-->[com.squareup.picasso:picasso:2.71828] AndroidManifest.xml:11:13-37
98    </application>
99
100</manifest>